2024-06-25 15:32:10,100 - INFO - Starting application
2024-06-25 15:32:10,101 - DEBUG - Loading configuration
2024-06-25 15:32:10,102 - INFO - Configuration loaded successfully
2024-06-25 15:32:10,103 - DEBUG - Initializing modules
2024-06-25 15:32:10,104 - INFO - Module A initialized
2024-06-25 15:32:10,105 - INFO - Module B initialized
2024-06-25 15:32:10,106 - WARNING - Low disk space detected
2024-06-25 15:32:10,107 - INFO - Attempting to free disk space
2024-06-25 15:32:10,108 - INFO - Disk cleanup completed
2024-06-25 15:32:10,109 - DEBUG - Verifying system health
2024-06-25 15:32:10,110 - ERROR - System health check failed - FIND ME
2024-06-25 15:32:10,111 - INFO - Sending alert to administrator
2024-06-25 15:32:10,112 - INFO - Alert sent successfully
2024-06-25 15:32:10,113 - DEBUG - Retrying system health check
2024-06-25 15:32:10,114 - INFO - System health restored
2024-06-25 15:32:10,115 - INFO - Starting scheduled tasks
2024-06-25 15:32:10,116 - DEBUG - Task A started
2024-06-25 15:32:10,117 - DEBUG - Task B started
2024-06-25 15:32:10,118 - INFO - Scheduled tasks completed
2024-06-25 15:32:10,119 - INFO - Shutting down application